<!DOCTYPE html PUBLIC "-//W3C//DTD XHTML 1.1//EN" "http://www.w3.org/TR/xhtml11/DTD/xhtml11.dtd">
<html xmlns="http://www.w3.org/1999/xhtml">
<head>
<meta http-equiv="content-type" content="text/html; charset=UTF-8"/>
<title>TestNG Report</title>
<style type="text/css">table {margin-bottom:10px;border-collapse:collapse;empty-cells:show}th,td {border:1px solid #009;padding:.25em .5em}th {vertical-align:bottom}td {vertical-align:top}table a {font-weight:bold}.stripe td {background-color: #E6EBF9}.num {text-align:right}.passedodd td {background-color: #3F3}.passedeven td {background-color: #0A0}.skippedodd td {background-color: #DDD}.skippedeven td {background-color: #CCC}.failedodd td,.attn {background-color: #F33}.failedeven td,.stripe .attn {background-color: #D00}.stacktrace {white-space:pre;font-family:monospace}.totop {font-size:85%;text-align:center;border-bottom:2px solid #000}.invisible {display:none}</style>
</head>
<body>
<table>
<tr><th>Test</th><th># Passed</th><th># Skipped</th><th># Failed</th><th>Time (ms)</th><th>Included Groups</th><th>Excluded Groups</th></tr>
<tr><th colspan="7">HybridTest</th></tr>
<tr><td><a href="#t0">BankingApp test</a></td><td class="num">0</td><td class="num attn">1</td><td class="num">0</td><td class="num">7,363</td><td></td><td></td></tr>
</table>
<table id='summary'><thead><tr><th>Class</th><th>Method</th><th>Start</th><th>Time (ms)</th></tr></thead><tbody><tr><th colspan="4">HybridTest</th></tr></tbody><tbody id="t0"><tr><th colspan="4">BankingApp test &#8212; failed (configuration methods)</th></tr><tr class="failedeven"><td rowspan="1">com.internetbanking.testcases.TC_LoginTest_001</td><td><a href="#m0">setup</a></td><td rowspan="1">1598180963688</td><td rowspan="1">6949</td></tr><tr><th colspan="4">BankingApp test &#8212; skipped</th></tr><tr class="skippedeven"><td rowspan="1">com.internetbanking.testcases.TC_LoginTest_001</td><td><a href="#m1">loginTest</a></td><td rowspan="1">1598180970663</td><td rowspan="1">0</td></tr></tbody>
</table>
<h2>BankingApp test</h2><h3 id="m0">com.internetbanking.testcases.TC_LoginTest_001#setup</h3><table class="result"><tr class="param"><th>Parameter #1</th></tr><tr class="param stripe"><td>chrome</td></tr><tr><th>Exception</th></tr><tr><td><div class="stacktrace">org.openqa.selenium.SessionNotCreatedException: session not created
from disconnected: received Inspector.detached event
  (Session info: chrome=80.0.3987.149)
Build info: version: &apos;3.14.0&apos;, revision: &apos;aacccce0&apos;, time: &apos;2018-08-02T20:19:58.91Z&apos;
System info: host: &apos;DESKTOP-KQN0Q4N&apos;, ip: &apos;192.168.43.28&apos;, os.name: &apos;Windows 10&apos;, os.arch: &apos;amd64&apos;, os.version: &apos;10.0&apos;, java.version: &apos;1.8.0_111&apos;
Driver info: driver.version: ChromeDriver
remote stacktrace: Backtrace:
	Ordinal0 [0x00210C83+1707139]
	Ordinal0 [0x001768F1+1075441]
	Ordinal0 [0x000EDFC9+516041]
	Ordinal0 [0x000E687B+485499]
	Ordinal0 [0x000E6499+484505]
	Ordinal0 [0x000E5D96+482710]
	Ordinal0 [0x000E53AC+480172]
	Ordinal0 [0x000E55D5+480725]
	Ordinal0 [0x000E5035+479285]
	Ordinal0 [0x000ECD25+511269]
	Ordinal0 [0x000E4FE8+479208]
	Ordinal0 [0x000E5A3B+481851]
	Ordinal0 [0x000E53AC+480172]
	Ordinal0 [0x000E55D5+480725]
	Ordinal0 [0x000E5035+479285]
	Ordinal0 [0x000EB5AE+505262]
	Ordinal0 [0x000E4FE8+479208]
	Ordinal0 [0x000E5A3B+481851]
	Ordinal0 [0x000E53AC+480172]
	Ordinal0 [0x000E55D5+480725]
	Ordinal0 [0x000E5035+479285]
	Ordinal0 [0x000E9E1C+499228]
	Ordinal0 [0x000E4FE8+479208]
	Ordinal0 [0x000E5A3B+481851]
	Ordinal0 [0x000E53AC+480172]
	Ordinal0 [0x000E55D5+480725]
	Ordinal0 [0x000E5035+479285]
	Ordinal0 [0x000E94B7+496823]
	Ordinal0 [0x000E4FE8+479208]
	Ordinal0 [0x000E5A3B+481851]
	Ordinal0 [0x000E53AC+480172]
	Ordinal0 [0x000E55D5+480725]
	Ordinal0 [0x000E5035+479285]
	Ordinal0 [0x000E1B5C+465756]
	Ordinal0 [0x000E4FE8+479208]
	Ordinal0 [0x000E4EC4+478916]
	Ordinal0 [0x000EECA0+519328]
	Ordinal0 [0x0009CA67+182887]
	Ordinal0 [0x0009BDDD+179677]
	Ordinal0 [0x00099D4B+171339]
	Ordinal0 [0x00081D4A+73034]
	Ordinal0 [0x00082DC0+77248]
	Ordinal0 [0x00082D59+77145]
	Ordinal0 [0x0018BB67+1162087]
	GetHandleVerifier [0x002AA966+508998]
	GetHandleVerifier [0x002AA6A4+508292]
	GetHandleVerifier [0x002BF7B7+594583]
	GetHandleVerifier [0x002AB1D6+511158]
	Ordinal0 [0x0018402C+1130540]
	Ordinal0 [0x0018D4CB+1168587]
	Ordinal0 [0x0018D633+1168947]
	Ordinal0 [0x001A5B35+1268533]
	BaseThreadInitThunk [0x766038F4+36]
	RtlUnicodeStringToInteger [0x76F65E13+595]
	RtlUnicodeStringToInteger [0x76F65DDE+542]
	(No symbol) [0x00000000]

	at org.openqa.selenium.remote.W3CHandshakeResponse.lambda$new$0(W3CHandshakeResponse.java:57)
	at org.openqa.selenium.remote.W3CHandshakeResponse.lambda$getResponseFunction$2(W3CHandshakeResponse.java:104)
	at org.openqa.selenium.remote.ProtocolHandshake.lambda$createSession$0(ProtocolHandshake.java:122)
	at java.util.stream.ReferencePipeline$3$1.accept(ReferencePipeline.java:193)
	at java.util.Spliterators$ArraySpliterator.tryAdvance(Spliterators.java:958)
	at java.util.stream.ReferencePipeline.forEachWithCancel(ReferencePipeline.java:126)
	at java.util.stream.AbstractPipeline.copyIntoWithCancel(AbstractPipeline.java:498)
	at java.util.stream.AbstractPipeline.copyInto(AbstractPipeline.java:485)
	at java.util.stream.AbstractPipeline.wrapAndCopyInto(AbstractPipeline.java:471)
	at java.util.stream.FindOps$FindOp.evaluateSequential(FindOps.java:152)
	at java.util.stream.AbstractPipeline.evaluate(AbstractPipeline.java:234)
	at java.util.stream.ReferencePipeline.findFirst(ReferencePipeline.java:464)
	at org.openqa.selenium.remote.ProtocolHandshake.createSession(ProtocolHandshake.java:125)
	at org.openqa.selenium.remote.ProtocolHandshake.createSession(ProtocolHandshake.java:73)
	at org.openqa.selenium.remote.HttpCommandExecutor.execute(HttpCommandExecutor.java:136)
	at org.openqa.selenium.remote.service.DriverCommandExecutor.execute(DriverCommandExecutor.java:83)
	at org.openqa.selenium.remote.RemoteWebDriver.execute(RemoteWebDriver.java:548)
	at org.openqa.selenium.remote.RemoteWebDriver.startSession(RemoteWebDriver.java:212)
	at org.openqa.selenium.remote.RemoteWebDriver.&lt;init&gt;(RemoteWebDriver.java:130)
	at org.openqa.selenium.chrome.ChromeDriver.&lt;init&gt;(ChromeDriver.java:181)
	at org.openqa.selenium.chrome.ChromeDriver.&lt;init&gt;(ChromeDriver.java:168)
	at org.openqa.selenium.chrome.ChromeDriver.&lt;init&gt;(ChromeDriver.java:123)
	at com.internetbanking.testcases.BaseClass.setup(BaseClass.java:43)
... Removed 33 stack frames</div></td></tr></table><p class="totop"><a href="#summary">back to summary</a></p>
<h3 id="m1">com.internetbanking.testcases.TC_LoginTest_001#loginTest</h3><table class="result"><tr><th>Exception</th></tr><tr><td><div class="stacktrace">org.openqa.selenium.SessionNotCreatedException: session not created
from disconnected: received Inspector.detached event
  (Session info: chrome=80.0.3987.149)
Build info: version: &apos;3.14.0&apos;, revision: &apos;aacccce0&apos;, time: &apos;2018-08-02T20:19:58.91Z&apos;
System info: host: &apos;DESKTOP-KQN0Q4N&apos;, ip: &apos;192.168.43.28&apos;, os.name: &apos;Windows 10&apos;, os.arch: &apos;amd64&apos;, os.version: &apos;10.0&apos;, java.version: &apos;1.8.0_111&apos;
Driver info: driver.version: ChromeDriver
remote stacktrace: Backtrace:
	Ordinal0 [0x00210C83+1707139]
	Ordinal0 [0x001768F1+1075441]
	Ordinal0 [0x000EDFC9+516041]
	Ordinal0 [0x000E687B+485499]
	Ordinal0 [0x000E6499+484505]
	Ordinal0 [0x000E5D96+482710]
	Ordinal0 [0x000E53AC+480172]
	Ordinal0 [0x000E55D5+480725]
	Ordinal0 [0x000E5035+479285]
	Ordinal0 [0x000ECD25+511269]
	Ordinal0 [0x000E4FE8+479208]
	Ordinal0 [0x000E5A3B+481851]
	Ordinal0 [0x000E53AC+480172]
	Ordinal0 [0x000E55D5+480725]
	Ordinal0 [0x000E5035+479285]
	Ordinal0 [0x000EB5AE+505262]
	Ordinal0 [0x000E4FE8+479208]
	Ordinal0 [0x000E5A3B+481851]
	Ordinal0 [0x000E53AC+480172]
	Ordinal0 [0x000E55D5+480725]
	Ordinal0 [0x000E5035+479285]
	Ordinal0 [0x000E9E1C+499228]
	Ordinal0 [0x000E4FE8+479208]
	Ordinal0 [0x000E5A3B+481851]
	Ordinal0 [0x000E53AC+480172]
	Ordinal0 [0x000E55D5+480725]
	Ordinal0 [0x000E5035+479285]
	Ordinal0 [0x000E94B7+496823]
	Ordinal0 [0x000E4FE8+479208]
	Ordinal0 [0x000E5A3B+481851]
	Ordinal0 [0x000E53AC+480172]
	Ordinal0 [0x000E55D5+480725]
	Ordinal0 [0x000E5035+479285]
	Ordinal0 [0x000E1B5C+465756]
	Ordinal0 [0x000E4FE8+479208]
	Ordinal0 [0x000E4EC4+478916]
	Ordinal0 [0x000EECA0+519328]
	Ordinal0 [0x0009CA67+182887]
	Ordinal0 [0x0009BDDD+179677]
	Ordinal0 [0x00099D4B+171339]
	Ordinal0 [0x00081D4A+73034]
	Ordinal0 [0x00082DC0+77248]
	Ordinal0 [0x00082D59+77145]
	Ordinal0 [0x0018BB67+1162087]
	GetHandleVerifier [0x002AA966+508998]
	GetHandleVerifier [0x002AA6A4+508292]
	GetHandleVerifier [0x002BF7B7+594583]
	GetHandleVerifier [0x002AB1D6+511158]
	Ordinal0 [0x0018402C+1130540]
	Ordinal0 [0x0018D4CB+1168587]
	Ordinal0 [0x0018D633+1168947]
	Ordinal0 [0x001A5B35+1268533]
	BaseThreadInitThunk [0x766038F4+36]
	RtlUnicodeStringToInteger [0x76F65E13+595]
	RtlUnicodeStringToInteger [0x76F65DDE+542]
	(No symbol) [0x00000000]

	at org.openqa.selenium.remote.W3CHandshakeResponse.lambda$new$0(W3CHandshakeResponse.java:57)
	at org.openqa.selenium.remote.W3CHandshakeResponse.lambda$getResponseFunction$2(W3CHandshakeResponse.java:104)
	at org.openqa.selenium.remote.ProtocolHandshake.lambda$createSession$0(ProtocolHandshake.java:122)
	at java.util.stream.ReferencePipeline$3$1.accept(ReferencePipeline.java:193)
	at java.util.Spliterators$ArraySpliterator.tryAdvance(Spliterators.java:958)
	at java.util.stream.ReferencePipeline.forEachWithCancel(ReferencePipeline.java:126)
	at java.util.stream.AbstractPipeline.copyIntoWithCancel(AbstractPipeline.java:498)
	at java.util.stream.AbstractPipeline.copyInto(AbstractPipeline.java:485)
	at java.util.stream.AbstractPipeline.wrapAndCopyInto(AbstractPipeline.java:471)
	at java.util.stream.FindOps$FindOp.evaluateSequential(FindOps.java:152)
	at java.util.stream.AbstractPipeline.evaluate(AbstractPipeline.java:234)
	at java.util.stream.ReferencePipeline.findFirst(ReferencePipeline.java:464)
	at org.openqa.selenium.remote.ProtocolHandshake.createSession(ProtocolHandshake.java:125)
	at org.openqa.selenium.remote.ProtocolHandshake.createSession(ProtocolHandshake.java:73)
	at org.openqa.selenium.remote.HttpCommandExecutor.execute(HttpCommandExecutor.java:136)
	at org.openqa.selenium.remote.service.DriverCommandExecutor.execute(DriverCommandExecutor.java:83)
	at org.openqa.selenium.remote.RemoteWebDriver.execute(RemoteWebDriver.java:548)
	at org.openqa.selenium.remote.RemoteWebDriver.startSession(RemoteWebDriver.java:212)
	at org.openqa.selenium.remote.RemoteWebDriver.&lt;init&gt;(RemoteWebDriver.java:130)
	at org.openqa.selenium.chrome.ChromeDriver.&lt;init&gt;(ChromeDriver.java:181)
	at org.openqa.selenium.chrome.ChromeDriver.&lt;init&gt;(ChromeDriver.java:168)
	at org.openqa.selenium.chrome.ChromeDriver.&lt;init&gt;(ChromeDriver.java:123)
	at com.internetbanking.testcases.BaseClass.setup(BaseClass.java:43)
... Removed 33 stack frames</div></td></tr></table><p class="totop"><a href="#summary">back to summary</a></p>
</body>
</html>
