<?xml version="1.0" encoding="UTF-8"?>
<!-- Generated by org.testng.reporters.JUnitXMLReporter -->
<testsuite hostname="DESKTOP-KQN0Q4N" ignored="0" name="BankingApp test" tests="1" failures="0" timestamp="23 Aug 2020 11:09:30 GMT" time="7.363" errors="0">
  <testcase name="@BeforeClass setup" time="6.949" classname="com.internetbanking.testcases.BaseClass">
    <failure type="org.openqa.selenium.SessionNotCreatedException" message="session not created
from disconnected: received Inspector.detached event
  (Session info: chrome=80.0.3987.149)
Build info: version: &amp;apos;3.14.0&amp;apos;, revision: &amp;apos;aacccce0&amp;apos;, time: &amp;apos;2018-08-02T20:19:58.91Z&amp;apos;
System info: host: &amp;apos;DESKTOP-KQN0Q4N&amp;apos;, ip: &amp;apos;192.168.43.28&amp;apos;, os.name: &amp;apos;Windows 10&amp;apos;, os.arch: &amp;apos;amd64&amp;apos;, os.version: &amp;apos;10.0&amp;apos;, java.version: &amp;apos;1.8.0_111&amp;apos;
Driver info: driver.version: ChromeDriver
remote stacktrace: Backtrace:
	Ordinal0 [0x00210C83+1707139]
	Ordinal0 [0x001768F1+1075441]
	Ordinal0 [0x000EDFC9+516041]
	Ordinal0 [0x000E687B+485499]
	Ordinal0 [0x000E6499+484505]
	Ordinal0 [0x000E5D96+482710]
	Ordinal0 [0x000E53AC+480172]
	Ordinal0 [0x000E55D5+480725]
	Ordinal0 [0x000E5035+479285]
	Ordinal0 [0x000ECD25+511269]
	Ordinal0 [0x000E4FE8+479208]
	Ordinal0 [0x000E5A3B+481851]
	Ordinal0 [0x000E53AC+480172]
	Ordinal0 [0x000E55D5+480725]
	Ordinal0 [0x000E5035+479285]
	Ordinal0 [0x000EB5AE+505262]
	Ordinal0 [0x000E4FE8+479208]
	Ordinal0 [0x000E5A3B+481851]
	Ordinal0 [0x000E53AC+480172]
	Ordinal0 [0x000E55D5+480725]
	Ordinal0 [0x000E5035+479285]
	Ordinal0 [0x000E9E1C+499228]
	Ordinal0 [0x000E4FE8+479208]
	Ordinal0 [0x000E5A3B+481851]
	Ordinal0 [0x000E53AC+480172]
	Ordinal0 [0x000E55D5+480725]
	Ordinal0 [0x000E5035+479285]
	Ordinal0 [0x000E94B7+496823]
	Ordinal0 [0x000E4FE8+479208]
	Ordinal0 [0x000E5A3B+481851]
	Ordinal0 [0x000E53AC+480172]
	Ordinal0 [0x000E55D5+480725]
	Ordinal0 [0x000E5035+479285]
	Ordinal0 [0x000E1B5C+465756]
	Ordinal0 [0x000E4FE8+479208]
	Ordinal0 [0x000E4EC4+478916]
	Ordinal0 [0x000EECA0+519328]
	Ordinal0 [0x0009CA67+182887]
	Ordinal0 [0x0009BDDD+179677]
	Ordinal0 [0x00099D4B+171339]
	Ordinal0 [0x00081D4A+73034]
	Ordinal0 [0x00082DC0+77248]
	Ordinal0 [0x00082D59+77145]
	Ordinal0 [0x0018BB67+1162087]
	GetHandleVerifier [0x002AA966+508998]
	GetHandleVerifier [0x002AA6A4+508292]
	GetHandleVerifier [0x002BF7B7+594583]
	GetHandleVerifier [0x002AB1D6+511158]
	Ordinal0 [0x0018402C+1130540]
	Ordinal0 [0x0018D4CB+1168587]
	Ordinal0 [0x0018D633+1168947]
	Ordinal0 [0x001A5B35+1268533]
	BaseThreadInitThunk [0x766038F4+36]
	RtlUnicodeStringToInteger [0x76F65E13+595]
	RtlUnicodeStringToInteger [0x76F65DDE+542]
	(No symbol) [0x00000000]
">
      <![CDATA[org.openqa.selenium.SessionNotCreatedException: session not created
from disconnected: received Inspector.detached event
  (Session info: chrome=80.0.3987.149)
Build info: version: '3.14.0', revision: 'aacccce0', time: '2018-08-02T20:19:58.91Z'
System info: host: 'DESKTOP-KQN0Q4N', ip: '192.168.43.28', os.name: 'Windows 10', os.arch: 'amd64', os.version: '10.0', java.version: '1.8.0_111'
Driver info: driver.version: ChromeDriver
remote stacktrace: Backtrace:
Ordinal0 [0x00210C83+1707139]
Ordinal0 [0x001768F1+1075441]
Ordinal0 [0x000EDFC9+516041]
Ordinal0 [0x000E687B+485499]
Ordinal0 [0x000E6499+484505]
Ordinal0 [0x000E5D96+482710]
Ordinal0 [0x000E53AC+480172]
Ordinal0 [0x000E55D5+480725]
Ordinal0 [0x000E5035+479285]
Ordinal0 [0x000ECD25+511269]
Ordinal0 [0x000E4FE8+479208]
Ordinal0 [0x000E5A3B+481851]
Ordinal0 [0x000E53AC+480172]
Ordinal0 [0x000E55D5+480725]
Ordinal0 [0x000E5035+479285]
Ordinal0 [0x000EB5AE+505262]
Ordinal0 [0x000E4FE8+479208]
Ordinal0 [0x000E5A3B+481851]
Ordinal0 [0x000E53AC+480172]
Ordinal0 [0x000E55D5+480725]
Ordinal0 [0x000E5035+479285]
Ordinal0 [0x000E9E1C+499228]
Ordinal0 [0x000E4FE8+479208]
Ordinal0 [0x000E5A3B+481851]
Ordinal0 [0x000E53AC+480172]
Ordinal0 [0x000E55D5+480725]
Ordinal0 [0x000E5035+479285]
Ordinal0 [0x000E94B7+496823]
Ordinal0 [0x000E4FE8+479208]
Ordinal0 [0x000E5A3B+481851]
Ordinal0 [0x000E53AC+480172]
Ordinal0 [0x000E55D5+480725]
Ordinal0 [0x000E5035+479285]
Ordinal0 [0x000E1B5C+465756]
Ordinal0 [0x000E4FE8+479208]
Ordinal0 [0x000E4EC4+478916]
Ordinal0 [0x000EECA0+519328]
Ordinal0 [0x0009CA67+182887]
Ordinal0 [0x0009BDDD+179677]
Ordinal0 [0x00099D4B+171339]
Ordinal0 [0x00081D4A+73034]
Ordinal0 [0x00082DC0+77248]
Ordinal0 [0x00082D59+77145]
Ordinal0 [0x0018BB67+1162087]
GetHandleVerifier [0x002AA966+508998]
GetHandleVerifier [0x002AA6A4+508292]
GetHandleVerifier [0x002BF7B7+594583]
GetHandleVerifier [0x002AB1D6+511158]
Ordinal0 [0x0018402C+1130540]
Ordinal0 [0x0018D4CB+1168587]
Ordinal0 [0x0018D633+1168947]
Ordinal0 [0x001A5B35+1268533]
BaseThreadInitThunk [0x766038F4+36]
RtlUnicodeStringToInteger [0x76F65E13+595]
RtlUnicodeStringToInteger [0x76F65DDE+542]
(No symbol) [0x00000000]

at org.openqa.selenium.remote.W3CHandshakeResponse.lambda$new$0(W3CHandshakeResponse.java:57)
at org.openqa.selenium.remote.W3CHandshakeResponse.lambda$getResponseFunction$2(W3CHandshakeResponse.java:104)
at org.openqa.selenium.remote.ProtocolHandshake.lambda$createSession$0(ProtocolHandshake.java:122)
at java.util.stream.ReferencePipeline$3$1.accept(ReferencePipeline.java:193)
at java.util.Spliterators$ArraySpliterator.tryAdvance(Spliterators.java:958)
at java.util.stream.ReferencePipeline.forEachWithCancel(ReferencePipeline.java:126)
at java.util.stream.AbstractPipeline.copyIntoWithCancel(AbstractPipeline.java:498)
at java.util.stream.AbstractPipeline.copyInto(AbstractPipeline.java:485)
at java.util.stream.AbstractPipeline.wrapAndCopyInto(AbstractPipeline.java:471)
at java.util.stream.FindOps$FindOp.evaluateSequential(FindOps.java:152)
at java.util.stream.AbstractPipeline.evaluate(AbstractPipeline.java:234)
at java.util.stream.ReferencePipeline.findFirst(ReferencePipeline.java:464)
at org.openqa.selenium.remote.ProtocolHandshake.createSession(ProtocolHandshake.java:125)
at org.openqa.selenium.remote.ProtocolHandshake.createSession(ProtocolHandshake.java:73)
at org.openqa.selenium.remote.HttpCommandExecutor.execute(HttpCommandExecutor.java:136)
at org.openqa.selenium.remote.service.DriverCommandExecutor.execute(DriverCommandExecutor.java:83)
at org.openqa.selenium.remote.RemoteWebDriver.execute(RemoteWebDriver.java:548)
at org.openqa.selenium.remote.RemoteWebDriver.startSession(RemoteWebDriver.java:212)
at org.openqa.selenium.remote.RemoteWebDriver.<init>(RemoteWebDriver.java:130)
at org.openqa.selenium.chrome.ChromeDriver.<init>(ChromeDriver.java:181)
at org.openqa.selenium.chrome.ChromeDriver.<init>(ChromeDriver.java:168)
at org.openqa.selenium.chrome.ChromeDriver.<init>(ChromeDriver.java:123)
at com.internetbanking.testcases.BaseClass.setup(BaseClass.java:43)
... Removed 33 stack frames]]>
    </failure>
  </testcase> <!-- @BeforeClass setup -->
  <testcase name="loginTest" time="0.0" classname="com.internetbanking.testcases.TC_LoginTest_001">
    <skipped/>
  </testcase> <!-- loginTest -->
</testsuite> <!-- BankingApp test -->
